c:\users\valtt\dev\paikannus\paikannus\paikannus\paikannus\debug\paikannus.pch
c:\users\valtt\dev\paikannus\paikannus\paikannus\paikannus\debug\vc141.pdb
c:\users\valtt\dev\paikannus\paikannus\paikannus\paikannus\debug\vc141.idb
c:\users\valtt\dev\paikannus\paikannus\paikannus\paikannus\debug\stdafx.obj
c:\users\valtt\dev\paikannus\paikannus\paikannus\paikannus\debug\eval.obj
c:\users\valtt\dev\paikannus\paikannus\paikannus\paikannus\debug\init.obj
c:\users\valtt\dev\paikannus\paikannus\paikannus\paikannus\debug\bytemap.obj
c:\users\valtt\dev\paikannus\paikannus\paikannus\paikannus\debug\movegen.obj
c:\users\valtt\dev\paikannus\paikannus\paikannus\paikannus\debug\paikannus.obj
c:\users\valtt\dev\paikannus\paikannus\paikannus\paikannus\debug\rand.obj
c:\users\valtt\dev\paikannus\paikannus\paikannus\debug\paikannus.exe
c:\users\valtt\dev\paikannus\paikannus\paikannus\debug\paikannus.ilk
c:\users\valtt\dev\paikannus\paikannus\paikannus\debug\paikannus.pdb
c:\users\valtt\dev\paikannus\paikannus\paikannus\paikannus\debug\bytemap.obj.enc
c:\users\valtt\dev\paikannus\paikannus\paikannus\paikannus\debug\eval.obj.enc
c:\users\valtt\dev\paikannus\paikannus\paikannus\paikannus\debug\paikannus.tlog\cl.command.1.tlog
c:\users\valtt\dev\paikannus\paikannus\paikannus\paikannus\debug\paikannus.tlog\cl.read.1.tlog
c:\users\valtt\dev\paikannus\paikannus\paikannus\paikannus\debug\paikannus.tlog\cl.write.1.tlog
c:\users\valtt\dev\paikannus\paikannus\paikannus\paikannus\debug\paikannus.tlog\link.command.1.tlog
c:\users\valtt\dev\paikannus\paikannus\paikannus\paikannus\debug\paikannus.tlog\link.read.1.tlog
c:\users\valtt\dev\paikannus\paikannus\paikannus\paikannus\debug\paikannus.tlog\link.write.1.tlog
